SF:lib/src/common/paystack.dart
DA:24,0
DA:34,1
DA:35,2
DA:36,1
DA:37,0
DA:40,1
DA:42,1
DA:49,3
DA:50,1
DA:51,1
DA:52,0
DA:57,0
DA:58,0
DA:59,0
DA:62,2
DA:64,1
DA:66,1
DA:67,1
DA:70,0
DA:72,0
DA:74,0
DA:75,0
DA:85,0
DA:87,0
DA:89,0
DA:126,0
DA:135,0
DA:146,1
DA:147,1
DA:148,0
DA:158,0
DA:160,0
DA:162,0
DA:163,0
DA:166,0
DA:167,0
DA:170,0
DA:179,0
DA:180,0
DA:182,0
DA:183,0
DA:184,0
DA:187,0
DA:188,0
DA:189,0
DA:190,0
DA:195,0
DA:197,0
DA:200,0
DA:201,0
DA:202,0
DA:203,0
DA:215,0
DA:216,0
DA:217,0
DA:219,0
DA:220,0
LF:57
LH:14
end_of_record
SF:lib/src/common/exceptions.dart
DA:6,1
DA:8,0
DA:10,0
DA:11,0
DA:16,0
DA:20,2
DA:24,0
DA:30,0
DA:31,0
DA:38,0
DA:42,0
DA:46,0
DA:47,0
LF:13
LH:2
end_of_record
SF:lib/src/models/card.dart
DA:58,4
DA:60,4
DA:62,2
DA:64,2
DA:66,4
DA:67,4
DA:68,4
DA:69,4
DA:70,2
DA:76,0
DA:81,1
DA:83,1
DA:84,2
DA:85,1
DA:86,1
DA:94,2
DA:95,4
DA:96,6
DA:97,2
DA:98,6
DA:99,12
DA:102,4
DA:106,0
DA:107,0
DA:110,4
DA:112,2
DA:113,4
DA:116,2
DA:129,2
DA:130,2
DA:131,4
DA:132,4
DA:133,4
DA:134,4
DA:135,4
DA:136,4
DA:137,6
DA:139,4
DA:140,4
DA:143,1
DA:144,1
DA:145,1
DA:146,1
DA:147,1
DA:152,1
DA:153,1
DA:154,1
DA:155,1
DA:156,1
DA:157,1
DA:158,3
DA:159,1
DA:164,1
DA:165,1
DA:167,2
DA:169,1
DA:171,5
DA:172,4
DA:173,4
DA:174,1
DA:179,1
DA:180,1
DA:181,1
DA:185,3
DA:188,2
DA:193,1
DA:194,1
DA:195,1
DA:198,2
DA:199,0
DA:200,2
DA:201,0
DA:203,2
DA:210,1
DA:212,2
DA:213,2
DA:215,3
DA:218,3
DA:221,1
DA:224,2
DA:225,1
DA:227,3
DA:230,2
DA:233,2
DA:235,6
DA:236,6
DA:237,2
DA:259,6
DA:260,6
DA:262,6
DA:263,3
DA:265,3
DA:266,3
DA:268,2
DA:269,1
DA:274,3
DA:275,3
DA:277,3
DA:278,2
DA:279,1
DA:280,2
DA:281,1
DA:282,3
DA:283,3
DA:294,2
DA:296,4
DA:299,1
DA:301,2
DA:304,2
DA:311,2
DA:313,4
DA:316,1
DA:318,2
DA:321,2
DA:328,2
DA:330,4
DA:333,1
DA:335,2
DA:338,2
DA:345,1
DA:347,2
DA:350,1
DA:352,2
DA:355,1
DA:362,1
DA:364,2
DA:367,1
DA:369,2
DA:372,1
DA:379,1
DA:381,2
DA:384,1
DA:386,2
DA:389,1
DA:396,1
DA:398,2
DA:401,1
DA:403,2
DA:406,1
LF:139
LH:134
end_of_record
SF:lib/src/models/charge.dart
DA:39,0
DA:40,0
DA:41,0
DA:42,0
DA:43,0
DA:44,0
DA:45,0
DA:46,0
DA:49,0
DA:50,0
DA:53,0
DA:55,0
DA:57,0
DA:60,0
DA:62,0
DA:65,0
DA:66,0
DA:67,0
DA:70,0
DA:71,0
DA:75,0
DA:77,0
DA:78,0
DA:81,0
DA:82,0
DA:86,0
LF:26
LH:0
end_of_record
SF:lib/src/models/checkout_response.dart
DA:35,0
DA:41,0
DA:49,0
DA:51,0
DA:53,0
LF:5
LH:0
end_of_record
SF:lib/src/api/model/transaction_api_response.dart
DA:10,0
DA:11,0
DA:12,0
DA:15,0
DA:16,0
DA:17,0
DA:18,0
DA:19,0
DA:20,0
DA:22,0
DA:23,0
DA:24,0
DA:25,0
DA:26,0
DA:27,0
DA:29,0
DA:30,0
DA:33,0
DA:34,0
DA:38,0
DA:39,0
DA:40,0
DA:41,0
DA:42,0
DA:45,0
DA:46,0
DA:49,0
DA:51,0
DA:55,0
DA:58,0
DA:59,0
DA:62,0
DA:63,0
DA:66,0
DA:68,0
DA:69,0
DA:70,0
LF:37
LH:0
end_of_record
SF:lib/src/api/request/bank_charge_request_body.dart
DA:12,0
DA:13,0
DA:14,0
DA:16,0
DA:18,0
DA:20,0
DA:21,0
DA:22,0
DA:25,0
DA:27,0
DA:29,0
DA:31,0
LF:12
LH:0
end_of_record
SF:lib/src/api/request/base_request_body.dart
DA:7,0
DA:8,0
DA:13,0
DA:15,0
DA:16,0
DA:17,0
LF:6
LH:0
end_of_record
SF:lib/src/models/bank.dart
DA:5,0
DA:7,0
DA:9,0
DA:17,0
DA:19,0
DA:20,0
DA:24,0
DA:30,0
DA:32,0
LF:9
LH:0
end_of_record
SF:lib/src/api/request/card_request_body.dart
DA:41,0
DA:44,0
DA:45,0
DA:46,0
DA:47,0
DA:48,0
DA:50,0
DA:51,0
DA:53,0
DA:54,0
DA:55,0
DA:56,0
DA:57,0
DA:58,0
DA:60,0
DA:62,0
DA:63,0
DA:66,0
DA:67,0
DA:70,0
DA:74,0
DA:77,0
DA:84,0
DA:87,0
DA:88,0
DA:89,0
DA:90,0
DA:91,0
DA:92,0
DA:93,0
DA:94,0
DA:95,0
DA:96,0
DA:97,0
DA:98,0
DA:99,0
DA:100,0
DA:101,0
DA:102,0
DA:103,0
LF:40
LH:0
end_of_record
SF:lib/src/common/card_utils.dart
DA:7,2
DA:12,6
DA:13,6
DA:24,2
DA:26,2
DA:31,2
DA:32,6
DA:35,1
DA:36,2
DA:45,2
DA:46,2
DA:47,2
DA:49,4
DA:52,2
DA:53,4
DA:57,4
DA:73,2
DA:75,4
DA:77,8
DA:83,2
DA:87,2
DA:88,2
DA:94,1
DA:97,1
DA:100,2
DA:101,2
DA:102,1
DA:103,1
DA:105,1
DA:108,1
DA:109,1
DA:112,1
DA:113,1
DA:115,1
DA:122,1
DA:123,3
DA:124,2
DA:125,3
DA:126,2
DA:127,2
DA:129,5
DA:130,1
LF:42
LH:42
end_of_record
SF:lib/src/common/crypto.dart
DA:21,0
DA:26,0
DA:27,0
DA:30,0
DA:31,0
DA:36,0
DA:37,0
DA:41,0
DA:42,0
DA:47,0
DA:48,0
DA:54,0
DA:55,0
DA:56,0
DA:57,0
DA:60,0
DA:63,0
DA:65,0
LF:18
LH:0
end_of_record
SF:lib/src/api/request/validate_request_body.dart
DA:9,0
DA:11,0
DA:12,0
DA:13,0
LF:4
LH:0
end_of_record
SF:lib/src/api/service/bank_service.dart
DA:18,0
DA:21,0
DA:23,0
DA:24,0
DA:25,0
DA:26,0
DA:27,0
DA:30,0
DA:35,0
DA:39,0
DA:40,0
DA:43,0
DA:47,0
DA:48,0
DA:51,0
DA:54,0
DA:55,0
DA:58,0
DA:59,0
DA:61,0
DA:63,0
DA:65,0
DA:66,0
DA:68,0
DA:72,0
DA:74,0
DA:75,0
DA:79,0
DA:82,0
DA:83,0
DA:84,0
DA:85,0
DA:86,0
DA:87,0
DA:91,0
DA:97,0
LF:36
LH:0
end_of_record
SF:lib/src/common/extensions.dart
DA:2,0
LF:1
LH:0
end_of_record
SF:lib/src/api/service/card_service.dart
DA:15,0
DA:17,0
DA:19,0
DA:24,0
DA:25,0
DA:27,0
DA:30,0
DA:31,0
DA:32,0
DA:33,0
DA:34,0
DA:36,0
DA:40,0
DA:43,0
DA:49,0
DA:50,0
DA:51,0
DA:53,0
DA:54,0
DA:55,0
DA:56,0
DA:58,0
DA:63,0
DA:65,0
DA:70,0
DA:71,0
DA:72,0
DA:73,0
DA:74,0
DA:75,0
DA:77,0
LF:31
LH:0
end_of_record
SF:lib/src/common/string_utils.dart
DA:3,3
DA:6,9
DA:9,1
DA:10,1
DA:11,1
DA:12,1
DA:18,3
DA:19,3
LF:8
LH:8
end_of_record
SF:lib/src/common/platform_info.dart
DA:22,1
DA:23,1
DA:30,0
DA:31,0
DA:33,0
DA:38,0
DA:39,0
DA:40,0
DA:41,0
DA:42,0
DA:45,0
DA:50,0
DA:51,0
DA:54,0
DA:55,0
DA:62,1
DA:73,0
DA:75,0
LF:18
LH:3
end_of_record
SF:lib/src/common/utils.dart
DA:6,1
DA:7,1
DA:13,1
DA:15,2
DA:17,1
DA:19,2
DA:23,0
DA:24,0
DA:25,0
DA:26,0
DA:27,0
DA:28,0
DA:29,0
DA:32,0
LF:14
LH:6
end_of_record
SF:lib/src/transaction/card_transaction_manager.dart
DA:23,0
DA:28,0
DA:30,0
DA:32,0
DA:34,0
DA:35,0
DA:36,0
DA:39,0
DA:41,0
DA:42,0
DA:44,0
DA:45,0
DA:48,0
DA:49,0
DA:51,0
DA:52,0
DA:53,0
DA:55,0
DA:57,0
DA:61,0
DA:63,0
DA:65,0
DA:69,0
DA:71,0
DA:73,0
DA:77,0
DA:78,0
DA:79,0
DA:80,0
DA:83,0
DA:85,0
DA:86,0
DA:89,0
DA:92,0
DA:93,0
DA:96,0
DA:99,0
DA:100,0
DA:101,0
DA:102,0
DA:105,0
DA:106,0
DA:109,0
DA:110,0
DA:111,0
DA:114,0
DA:115,0
DA:116,0
DA:117,0
DA:120,0
DA:121,0
DA:122,0
DA:124,0
DA:129,0
DA:133,0
DA:134,0
DA:135,0
DA:136,0
DA:137,0
DA:138,0
DA:142,0
DA:143,0
DA:144,0
DA:145,0
DA:146,0
DA:147,0
DA:150,0
DA:151,0
DA:152,0
DA:155,0
DA:158,0
DA:161,0
DA:163,0
DA:166,0
DA:169,0
DA:170,0
DA:173,0
DA:175,0
DA:176,0
DA:179,0
LF:80
LH:0
end_of_record
SF:lib/src/ui/checkout/checkout_widget.dart
DA:32,0
DA:43,0
DA:45,0
DA:46,0
DA:63,0
DA:65,0
DA:67,0
DA:68,0
DA:69,0
DA:70,0
DA:71,0
DA:72,0
DA:74,0
DA:75,0
DA:76,0
DA:77,0
DA:81,0
DA:84,0
DA:86,0
DA:87,0
DA:88,0
DA:91,0
DA:93,0
DA:96,0
DA:97,0
DA:113,0
DA:116,0
DA:117,0
DA:118,0
DA:120,0
DA:127,0
DA:137,0
DA:139,0
DA:141,0
DA:142,0
DA:143,0
DA:144,0
DA:145,0
DA:147,0
DA:150,0
DA:151,0
DA:152,0
DA:153,0
DA:154,0
DA:155,0
DA:156,0
DA:166,0
DA:167,0
DA:168,0
DA:170,0
DA:171,0
DA:172,0
DA:173,0
DA:179,0
DA:180,0
DA:184,0
DA:192,0
DA:193,0
DA:194,0
DA:196,0
DA:203,0
DA:205,0
DA:206,0
DA:208,0
DA:211,0
DA:212,0
DA:213,0
DA:220,0
DA:222,0
DA:224,0
DA:227,0
DA:231,0
DA:236,0
DA:237,0
DA:241,0
DA:242,0
DA:243,0
DA:245,0
DA:246,0
DA:252,0
DA:253,0
DA:255,0
DA:259,0
DA:268,0
DA:269,0
DA:270,0
DA:271,0
DA:272,0
DA:276,0
DA:282,0
DA:283,0
DA:284,0
DA:290,0
DA:291,0
DA:292,0
DA:295,0
DA:297,0
DA:298,0
DA:299,0
DA:300,0
DA:301,0
DA:302,0
DA:303,0
DA:305,0
DA:306,0
DA:307,0
DA:308,0
DA:311,0
DA:314,0
DA:315,0
DA:316,0
DA:317,0
DA:318,0
DA:319,0
DA:325,0
DA:326,0
DA:327,0
DA:334,0
DA:335,0
DA:338,0
DA:339,0
DA:340,0
DA:341,0
DA:342,0
DA:344,0
DA:348,0
DA:349,0
DA:350,0
DA:351,0
DA:352,0
DA:356,0
DA:357,0
DA:358,0
DA:359,0
DA:360,0
DA:364,0
DA:366,0
DA:367,0
DA:368,0
DA:371,0
DA:378,0
DA:379,0
DA:381,0
DA:382,0
DA:383,0
DA:386,0
DA:387,0
DA:388,0
DA:389,0
DA:391,0
DA:392,0
DA:393,0
DA:394,0
DA:395,0
DA:396,0
DA:397,0
DA:400,0
DA:401,0
DA:402,0
DA:403,0
DA:404,0
DA:405,0
DA:408,0
DA:409,0
DA:410,0
DA:411,0
DA:416,0
DA:417,0
DA:418,0
DA:419,0
DA:420,0
DA:422,0
DA:426,0
DA:428,0
DA:431,0
DA:432,0
DA:434,0
DA:435,0
DA:439,0
DA:440,0
DA:445,0
DA:446,0
LF:182
LH:0
end_of_record
SF:lib/src/common/scan_util.dart
DA:4,0
DA:6,0
LF:2
LH:0
end_of_record
SF:lib/src/models/transaction.dart
DA:8,0
DA:9,0
DA:10,0
DA:11,0
DA:12,0
DA:16,0
DA:18,0
DA:20,0
DA:22,0
DA:23,0
LF:10
LH:0
end_of_record
SF:lib/src/transaction/bank_transaction_manager.dart
DA:18,0
DA:23,0
DA:25,0
DA:26,0
DA:27,0
DA:30,0
DA:32,0
DA:35,0
DA:37,0
DA:40,0
DA:41,0
DA:42,0
DA:43,0
DA:46,0
DA:47,0
DA:50,0
DA:52,0
DA:53,0
DA:56,0
DA:57,0
DA:58,0
DA:59,0
DA:62,0
DA:65,0
DA:67,0
DA:68,0
DA:69,0
DA:72,0
DA:73,0
DA:76,0
DA:77,0
DA:80,0
DA:81,0
DA:84,0
DA:85,0
DA:88,0
DA:91,0
DA:92,0
DA:95,0
DA:98,0
DA:99,0
DA:102,0
LF:42
LH:0
end_of_record
SF:lib/src/transaction/base_transaction_manager.dart
DA:30,0
DA:36,0
DA:37,0
DA:39,0
DA:40,0
DA:43,0
DA:45,0
DA:47,0
DA:54,0
DA:56,0
DA:58,0
DA:60,0
DA:63,0
DA:67,0
DA:69,0
DA:73,0
DA:74,0
DA:76,0
DA:79,0
DA:80,0
DA:81,0
DA:83,0
DA:84,0
DA:85,0
DA:86,0
DA:89,0
DA:91,0
DA:93,0
DA:94,0
DA:96,0
DA:97,0
DA:99,0
DA:100,0
DA:102,0
DA:103,0
DA:107,0
DA:109,0
DA:110,0
DA:111,0
DA:113,0
DA:117,0
DA:118,0
DA:119,0
DA:121,0
DA:122,0
DA:124,0
DA:125,0
DA:129,0
DA:130,0
DA:132,0
DA:133,0
DA:135,0
DA:136,0
DA:137,0
DA:140,0
DA:141,0
DA:153,0
DA:154,0
DA:156,0
DA:158,0
DA:160,0
DA:161,0
DA:169,0
DA:170,0
DA:172,0
DA:173,0
DA:174,0
DA:204,0
DA:208,0
DA:210,0
DA:212,0
DA:214,0
DA:218,0
DA:219,0
DA:220,0
DA:222,0
DA:223,0
DA:224,0
DA:229,0
DA:230,0
DA:231,0
DA:234,0
DA:235,0
DA:236,0
DA:243,0
DA:246,0
DA:247,0
DA:249,0
DA:250,0
DA:252,0
DA:253,0
DA:255,0
DA:256,0
DA:260,0
DA:262,0
DA:264,0
DA:265,0
DA:267,0
DA:268,0
DA:269,0
DA:270,0
DA:273,0
DA:274,0
DA:276,0
DA:277,0
DA:281,0
DA:282,0
DA:283,0
DA:284,0
DA:286,0
DA:287,0
DA:288,0
DA:292,0
DA:293,0
DA:300,0
DA:301,0
DA:306,0
DA:308,0
DA:309,0
LF:119
LH:0
end_of_record
SF:lib/src/ui/birthday_widget.dart
DA:16,0
DA:18,0
DA:20,0
DA:27,0
DA:29,0
DA:30,0
DA:33,0
DA:35,0
DA:36,0
DA:37,0
DA:39,0
DA:40,0
DA:41,0
DA:43,0
DA:44,0
DA:45,0
DA:53,0
DA:54,0
DA:55,0
DA:56,0
DA:57,0
DA:59,0
DA:62,0
DA:63,0
DA:64,0
DA:65,0
DA:69,0
DA:70,0
DA:72,0
DA:73,0
DA:74,0
DA:75,0
DA:76,0
DA:77,0
DA:78,0
DA:90,0
DA:91,0
DA:92,0
DA:95,0
DA:98,0
DA:99,0
DA:100,0
DA:101,0
DA:105,0
DA:110,0
DA:112,0
DA:113,0
DA:115,0
DA:120,0
DA:128,0
DA:129,0
DA:130,0
DA:131,0
DA:132,0
DA:136,0
DA:139,0
DA:142,0
DA:143,0
DA:144,0
DA:145,0
DA:149,0
DA:152,0
DA:156,0
DA:158,0
DA:166,0
DA:179,0
DA:180,0
DA:183,0
DA:184,0
DA:187,0
DA:188,0
DA:191,0
DA:192,0
DA:193,0
LF:74
LH:0
end_of_record
SF:lib/src/ui/card_widget.dart
DA:11,0
DA:13,0
DA:16,0
DA:21,0
DA:23,0
DA:24,0
DA:27,0
DA:29,0
DA:30,0
DA:31,0
DA:34,0
DA:35,0
DA:44,0
DA:46,0
DA:47,0
DA:52,0
DA:54,0
DA:55,0
DA:68,0
DA:69,0
LF:20
LH:0
end_of_record
SF:lib/src/ui/otp_widget.dart
DA:11,0
DA:13,0
DA:15,0
DA:24,0
DA:26,0
DA:27,0
DA:28,0
DA:30,0
DA:31,0
DA:32,0
DA:33,0
DA:36,0
DA:37,0
DA:39,0
DA:40,0
DA:41,0
DA:49,0
DA:50,0
DA:52,0
DA:53,0
DA:54,0
DA:57,0
DA:58,0
DA:59,0
DA:62,0
DA:63,0
DA:64,0
DA:77,0
DA:78,0
DA:79,0
DA:80,0
DA:81,0
DA:82,0
DA:84,0
DA:85,0
LF:35
LH:0
end_of_record
SF:lib/src/ui/pin_widget.dart
DA:11,5
DA:13,0
DA:14,0
DA:20,0
DA:22,0
DA:23,0
DA:26,0
DA:28,0
DA:29,0
DA:30,0
DA:32,0
DA:35,0
DA:36,0
DA:37,0
DA:48,0
DA:49,0
DA:50,0
DA:51,0
DA:52,0
DA:64,0
DA:65,0
DA:71,0
DA:73,0
DA:74,0
DA:76,0
DA:79,0
DA:81,0
DA:82,0
DA:83,0
LF:29
LH:1
end_of_record
SF:lib/src/ui/webview.dart
DA:7,0
DA:12,0
DA:24,0
DA:26,0
DA:27,0
DA:31,0
DA:35,0
DA:38,0
DA:40,0
DA:41,0
DA:42,0
DA:43,0
DA:44,0
DA:45,0
DA:48,0
DA:55,0
DA:56,0
DA:57,0
DA:62,0
DA:63,0
LF:20
LH:0
end_of_record
SF:lib/src/ui/animated_widget.dart
DA:8,0
DA:10,0
DA:14,0
DA:20,0
DA:22,0
DA:23,0
DA:24,0
DA:25,0
DA:26,0
DA:27,0
DA:28,0
DA:30,0
DA:42,0
DA:44,0
DA:45,0
DA:46,0
DA:50,0
DA:53,0
DA:55,0
DA:56,0
DA:59,0
DA:61,0
DA:62,0
DA:63,0
LF:24
LH:0
end_of_record
SF:lib/src/ui/base_widget.dart
DA:14,0
DA:16,0
DA:17,0
DA:18,0
DA:24,0
DA:25,0
DA:29,0
DA:30,0
DA:32,0
DA:33,0
DA:37,0
DA:40,0
DA:42,0
DA:43,0
DA:45,0
DA:46,0
DA:49,0
DA:51,0
DA:52,0
DA:57,0
DA:58,0
DA:60,0
DA:61,0
DA:63,0
DA:64,0
DA:69,0
DA:71,0
DA:72,0
DA:79,0
DA:81,0
DA:82,0
DA:84,0
DA:85,0
DA:88,0
DA:90,0
DA:91,0
DA:97,0
DA:98,0
DA:99,0
DA:105,0
DA:110,0
DA:111,0
DA:114,0
DA:118,0
LF:44
LH:0
end_of_record
SF:lib/src/ui/buttons.dart
DA:8,0
DA:15,0
DA:21,0
DA:23,0
DA:37,0
DA:42,0
DA:44,0
DA:46,0
DA:47,0
DA:48,0
DA:49,0
DA:53,0
DA:68,0
DA:79,0
DA:83,0
DA:84,0
DA:85,0
DA:87,0
DA:90,0
DA:94,0
DA:96,0
DA:98,0
DA:101,0
DA:102,0
DA:103,0
DA:104,0
DA:107,0
DA:108,0
DA:109,0
DA:110,0
DA:115,0
DA:116,0
DA:118,0
DA:119,0
DA:121,0
DA:122,0
DA:123,0
DA:124,0
LF:38
LH:0
end_of_record
SF:lib/src/ui/custom_dialog.dart
DA:8,0
DA:17,0
DA:27,0
DA:29,0
DA:31,0
DA:32,0
DA:33,0
DA:34,0
DA:35,0
DA:36,0
DA:41,0
DA:42,0
DA:43,0
DA:44,0
DA:45,0
DA:46,0
DA:51,0
DA:54,0
DA:56,0
DA:57,0
DA:58,0
DA:61,0
DA:62,0
DA:63,0
DA:68,0
DA:72,0
DA:74,0
DA:75,0
DA:77,0
DA:79,0
DA:85,0
DA:86,0
DA:88,0
DA:96,0
DA:98,0
DA:100,0
DA:106,0
DA:107,0
DA:109,0
DA:113,0
DA:114,0
DA:116,0
DA:125,0
DA:127,0
DA:131,0
DA:140,0
DA:146,0
DA:153,0
DA:155,0
DA:156,0
DA:158,0
DA:159,0
DA:160,0
DA:166,0
DA:167,0
DA:168,0
DA:169,0
DA:170,0
DA:171,0
DA:173,0
DA:176,0
LF:61
LH:0
end_of_record
SF:lib/src/ui/input/card_input.dart
DA:19,0
DA:24,0
DA:26,0
DA:28,0
DA:38,0
DA:40,0
DA:42,0
DA:43,0
DA:44,0
DA:45,0
DA:46,0
DA:50,0
DA:52,0
DA:53,0
DA:54,0
DA:57,0
DA:59,0
DA:60,0
DA:61,0
DA:62,0
DA:63,0
DA:64,0
DA:66,0
DA:67,0
DA:68,0
DA:69,0
DA:71,0
DA:72,0
DA:73,0
DA:74,0
DA:75,0
DA:76,0
DA:77,0
DA:78,0
DA:86,0
DA:91,0
DA:94,0
DA:95,0
DA:96,0
DA:98,0
DA:99,0
DA:100,0
DA:101,0
DA:102,0
DA:107,0
DA:108,0
DA:110,0
DA:111,0
DA:112,0
DA:120,0
DA:122,0
DA:123,0
DA:124,0
DA:130,0
DA:131,0
DA:132,0
DA:133,0
DA:134,0
DA:138,0
DA:139,0
DA:140,0
DA:141,0
DA:142,0
DA:143,0
DA:144,0
DA:145,0
DA:148,0
DA:152,0
DA:154,0
DA:158,0
DA:160,0
DA:161,0
DA:162,0
DA:165,0
DA:168,0
DA:171,0
DA:174,0
DA:177,0
DA:180,0
DA:188,0
DA:189,0
DA:190,0
LF:82
LH:0
end_of_record
SF:lib/src/ui/checkout/bank_checkout.dart
DA:26,0
DA:33,0
DA:35,0
DA:36,0
DA:49,0
DA:50,0
DA:52,0
DA:54,0
DA:55,0
DA:57,0
DA:58,0
DA:59,0
DA:63,0
DA:64,0
DA:67,0
DA:69,0
DA:70,0
DA:73,0
DA:75,0
DA:77,0
DA:78,0
DA:79,0
DA:81,0
DA:82,0
DA:83,0
DA:84,0
DA:94,0
DA:95,0
DA:96,0
DA:97,0
DA:100,0
DA:109,0
DA:110,0
DA:111,0
DA:112,0
DA:113,0
DA:114,0
DA:116,0
DA:120,0
DA:127,0
DA:132,0
DA:133,0
DA:144,0
DA:145,0
DA:146,0
DA:151,0
DA:152,0
DA:153,0
DA:157,0
DA:158,0
DA:159,0
DA:161,0
DA:162,0
DA:163,0
DA:164,0
DA:167,0
DA:168,0
DA:170,0
DA:172,0
DA:175,0
DA:176,0
DA:177,0
DA:179,0
DA:181,0
DA:185,0
DA:186,0
DA:187,0
DA:191,0
DA:192,0
DA:193,0
DA:203,0
DA:204,0
DA:205,0
DA:206,0
DA:207,0
DA:208,0
DA:209,0
DA:210,0
DA:211,0
DA:213,0
DA:217,0
DA:218,0
DA:219,0
DA:220,0
DA:221,0
DA:222,0
DA:223,0
DA:225,0
DA:227,0
DA:228,0
DA:231,0
DA:233,0
DA:234,0
DA:235,0
DA:237,0
DA:238,0
DA:244,0
DA:245,0
LF:98
LH:0
end_of_record
SF:lib/src/ui/checkout/base_checkout.dart
DA:12,0
DA:14,0
LF:2
LH:0
end_of_record
SF:lib/src/ui/input/account_field.dart
DA:7,0
DA:8,0
DA:13,0
DA:14,0
DA:15,0
DA:19,0
DA:20,0
DA:21,0
LF:8
LH:0
end_of_record
SF:lib/src/ui/checkout/card_checkout.dart
DA:26,0
DA:35,0
DA:37,0
DA:38,0
DA:44,0
DA:45,0
DA:47,0
DA:50,0
DA:52,0
DA:54,0
DA:55,0
DA:64,0
DA:66,0
DA:67,0
DA:68,0
DA:75,0
DA:77,0
DA:78,0
DA:79,0
DA:81,0
DA:82,0
DA:83,0
DA:86,0
DA:90,0
DA:91,0
DA:93,0
DA:94,0
DA:95,0
DA:96,0
DA:97,0
LF:30
LH:0
end_of_record
SF:lib/src/ui/checkout/checkout_method.dart
DA:8,0
LF:1
LH:0
end_of_record
SF:lib/src/ui/error_widget.dart
DA:16,0
DA:25,0
DA:29,0
DA:30,0
DA:35,0
DA:39,0
DA:40,0
DA:41,0
DA:42,0
DA:44,0
DA:51,0
DA:52,0
DA:61,0
DA:62,0
DA:63,0
DA:65,0
DA:66,0
DA:67,0
DA:68,0
DA:72,0
DA:74,0
DA:75,0
DA:76,0
DA:82,0
LF:24
LH:0
end_of_record
SF:lib/src/ui/sucessful_widget.dart
DA:11,0
DA:13,0
DA:15,0
DA:17,0
DA:32,0
DA:34,0
DA:35,0
DA:39,0
DA:41,0
DA:45,0
DA:46,0
DA:47,0
DA:49,0
DA:51,0
DA:52,0
DA:53,0
DA:54,0
DA:55,0
DA:56,0
DA:60,0
DA:63,0
DA:65,0
DA:66,0
DA:67,0
DA:68,0
DA:71,0
DA:73,0
DA:74,0
DA:75,0
DA:76,0
DA:78,0
DA:79,0
DA:80,0
DA:86,0
DA:98,0
DA:99,0
DA:100,0
DA:106,0
DA:107,0
DA:108,0
DA:109,0
DA:110,0
DA:111,0
DA:125,0
DA:126,0
DA:127,0
DA:128,0
DA:131,0
DA:132,0
DA:133,0
DA:136,0
DA:137,0
LF:52
LH:0
end_of_record
SF:lib/src/ui/common/input_formatters.dart
DA:6,0
DA:9,0
DA:11,0
DA:15,0
DA:16,0
DA:17,0
DA:18,0
DA:20,0
DA:21,0
DA:22,0
DA:23,0
DA:27,0
DA:28,0
DA:29,0
DA:31,0
DA:36,0
DA:39,0
DA:41,0
DA:45,0
DA:46,0
DA:48,0
DA:52,0
DA:57,0
LF:23
LH:0
end_of_record
SF:lib/src/ui/input/base_field.dart
DA:14,0
DA:24,0
DA:26,0
DA:28,0
DA:29,0
DA:30,0
DA:31,0
DA:32,0
DA:34,0
DA:36,0
DA:38,0
DA:40,0
DA:42,0
DA:44,0
DA:51,0
DA:52,0
DA:53,0
DA:54,0
LF:18
LH:0
end_of_record
SF:lib/src/ui/input/cvc_field.dart
DA:8,0
DA:12,0
DA:17,0
DA:19,0
DA:20,0
DA:21,0
DA:22,0
DA:26,0
DA:27,0
DA:29,0
LF:10
LH:0
end_of_record
SF:lib/src/ui/input/date_field.dart
DA:10,0
DA:14,0
DA:19,0
DA:21,0
DA:22,0
DA:23,0
DA:24,0
DA:28,0
DA:32,0
DA:33,0
DA:34,0
DA:35,0
DA:38,0
DA:42,0
DA:43,0
DA:51,0
DA:52,0
DA:53,0
DA:54,0
DA:57,0
DA:58,0
DA:61,0
LF:22
LH:0
end_of_record
SF:lib/src/ui/input/number_field.dart
DA:10,0
DA:16,0
DA:23,0
DA:24,0
DA:25,0
DA:26,0
DA:27,0
DA:31,0
DA:32,0
DA:36,0
DA:38,0
LF:11
LH:0
end_of_record
SF:lib/src/ui/input/otp_field.dart
DA:4,0
DA:6,0
DA:19,0
DA:21,0
DA:29,0
DA:30,0
LF:6
LH:0
end_of_record
SF:lib/src/ui/input/pin_field.dart
DA:8,0
DA:9,0
DA:11,0
DA:12,0
DA:16,0
DA:18,0
DA:20,0
DA:30,0
DA:31,0
DA:32,0
DA:35,0
DA:47,0
DA:48,0
DA:49,0
DA:51,0
DA:52,0
DA:53,0
LF:17
LH:0
end_of_record
